<?xml version="1.0" encoding="UTF-8"?>
<!-- Generated by org.testng.reporters.JUnitXMLReporter -->
<testsuite hostname="INGBTCPIC5NB739" name="Test1" tests="1" failures="1" timestamp="25 Jul 2016 19:02:05 GMT" time="0.566" errors="0">
  <testcase name="launchBrowset" time="0.544" classname="com.grid.HubNode.Script_runningFromBatchFile">
    <failure type="org.openqa.selenium.WebDriverException" message="&amp;lt;html&amp;gt;
&amp;lt;head&amp;gt;
&amp;lt;meta http-equiv=&amp;quot;Content-Type&amp;quot; content=&amp;quot;text/html;charset=ISO-8859-1&amp;quot;/&amp;gt;
&amp;lt;title&amp;gt;Error 500 &amp;lt;/title&amp;gt;
&amp;lt;/head&amp;gt;
&amp;lt;body&amp;gt;
&amp;lt;h2&amp;gt;HTTP ERROR: 500&amp;lt;/h2&amp;gt;
&amp;lt;p&amp;gt;Problem accessing /grid/register/session. Reason:
&amp;lt;pre&amp;gt;    java.lang.NullPointerException&amp;lt;/pre&amp;gt;&amp;lt;/p&amp;gt;
&amp;lt;hr /&amp;gt;&amp;lt;i&amp;gt;&amp;lt;small&amp;gt;Powered by Jetty://&amp;lt;/small&amp;gt;&amp;lt;/i&amp;gt;
&amp;lt;/body&amp;gt;
&amp;lt;/html&amp;gt;
Command duration or timeout: 203 milliseconds
Build info: version: &amp;apos;2.53.0&amp;apos;, revision: &amp;apos;35ae25b&amp;apos;, time: &amp;apos;2016-03-15 17:00:58&amp;apos;
System info: host: &amp;apos;INGBTCPIC5NB739&amp;apos;, ip: &amp;apos;192.168.0.101&amp;apos;, os.name: &amp;apos;Windows 7&amp;apos;, os.arch: &amp;apos;x86&amp;apos;, os.version: &amp;apos;6.1&amp;apos;, java.version: &amp;apos;1.8.0_40&amp;apos;
Driver info: org.openqa.selenium.remote.RemoteWebDriver">
      <![CDATA[org.openqa.selenium.WebDriverException: <html>
<head>
<meta http-equiv="Content-Type" content="text/html;charset=ISO-8859-1"/>
<title>Error 500 </title>
</head>
<body>
<h2>HTTP ERROR: 500</h2>
<p>Problem accessing /grid/register/session. Reason:
<pre>    java.lang.NullPointerException</pre></p>
<hr /><i><small>Powered by Jetty://</small></i>
</body>
</html>
Command duration or timeout: 203 milliseconds
Build info: version: '2.53.0', revision: '35ae25b', time: '2016-03-15 17:00:58'
System info: host: 'INGBTCPIC5NB739', ip: '192.168.0.101', os.name: 'Windows 7', os.arch: 'x86', os.version: '6.1', java.version: '1.8.0_40'
Driver info: org.openqa.selenium.remote.RemoteWebDriver
	at org.openqa.selenium.remote.ErrorHandler.createThrowable(ErrorHandler.java:206)
	at org.openqa.selenium.remote.ErrorHandler.throwIfResponseFailed(ErrorHandler.java:158)
	at org.openqa.selenium.remote.RemoteWebDriver.execute(RemoteWebDriver.java:678)
	at org.openqa.selenium.remote.RemoteWebDriver.startSession(RemoteWebDriver.java:249)
	at org.openqa.selenium.remote.RemoteWebDriver.<init>(RemoteWebDriver.java:131)
	at org.openqa.selenium.remote.RemoteWebDriver.<init>(RemoteWebDriver.java:158)
	at com.grid.HubNode.Script_runningFromBatchFile.launchBrowset(Script_runningFromBatchFile.java:26)
	at java.util.concurrent.FutureTask.run(FutureTask.java:266)
	at java.util.concurrent.ThreadPoolExecutor.runWorker(ThreadPoolExecutor.java:1142)
	at java.util.concurrent.ThreadPoolExecutor$Worker.run(ThreadPoolExecutor.java:617)
	at java.lang.Thread.run(Thread.java:745)
... Removed 20 stack frames]]>
    </failure>
  </testcase> <!-- launchBrowset -->
</testsuite> <!-- Test1 -->
